[debug] [2020-03-10T14:45:05.003Z] ----------------------------------------------------------------------
[debug] [2020-03-10T14:45:05.013Z] Command:       C:\Program Files\nodejs\node.exe C:\Users\liver\AppData\Roaming\npm\node_modules\firebase-tools\lib\bin\firebase.js login
[debug] [2020-03-10T14:45:05.014Z] CLI Version:   7.14.0
[debug] [2020-03-10T14:45:05.014Z] Platform:      win32
[debug] [2020-03-10T14:45:05.014Z] Node Version:  v13.9.0
[debug] [2020-03-10T14:45:05.202Z] Time:          Tue Mar 10 2020 15:45:05 GMT+0100 (Centraleuropæisk normaltid)
[debug] [2020-03-10T14:45:05.202Z] ----------------------------------------------------------------------
[debug] [2020-03-10T14:45:05.202Z] 
[info] i  Firebase optionally collects CLI usage and error reporting information to help improve our products. Data is collected in accordance with Google's privacy policy (https://policies.google.com/privacy) and is not used to identify you.

[info] i  To change your data collection preference at any time, run `firebase logout` and log in again.
[info] 
[info] Visit this URL on this device to log in:
[info] https://accounts.google.com/o/oauth2/auth?client_id=563584335869-fgrhgmd47bqnekij5i8b5pr03ho849e6.apps.googleusercontent.com&scope=email%20openid%20https%3A%2F%2Fwww.googleapis.com%2Fauth%2Fcloudplatformprojects.readonly%20https%3A%2F%2Fwww.googleapis.com%2Fauth%2Ffirebase%20https%3A%2F%2Fwww.googleapis.com%2Fauth%2Fcloud-platform&response_type=code&state=80854641&redirect_uri=http%3A%2F%2Flocalhost%3A9005
[info] 
[info] Waiting for authentication...
[debug] [2020-03-10T14:45:10.160Z] Error: spawn cmd ENOENT
    at Process.ChildProcess._handle.onexit (internal/child_process.js:267:19)
    at onErrorNT (internal/child_process.js:467:16)
    at processTicksAndRejections (internal/process/task_queues.js:84:21)
[error] 
[error] Error: An unexpected error has occurred.
